Traceback (most recent call last):
  File "/usr/local/lib/python3.7/dist-packages/jupyter_cache/executors/utils.py", line 56, in single_nb_execution
    record_timing=False,
  File "/usr/local/lib/python3.7/dist-packages/nbclient/client.py", line 1204, in execute
    return NotebookClient(nb=nb, resources=resources, km=km, **kwargs).execute()
  File "/usr/local/lib/python3.7/dist-packages/nbclient/util.py", line 84, in wrapped
    return just_run(coro(*args, **kwargs))
  File "/usr/local/lib/python3.7/dist-packages/nbclient/util.py", line 62, in just_run
    return loop.run_until_complete(coro)
  File "/usr/lib/python3.7/asyncio/base_events.py", line 587, in run_until_complete
    return future.result()
  File "/usr/local/lib/python3.7/dist-packages/nbclient/client.py", line 664, in async_execute
    cell, index, execution_count=self.code_cells_executed + 1
  File "/usr/local/lib/python3.7/dist-packages/nbclient/client.py", line 965, in async_execute_cell
    await self._check_raise_for_error(cell, cell_index, exec_reply)
  File "/usr/local/lib/python3.7/dist-packages/nbclient/client.py", line 862, in _check_raise_for_error
    raise CellExecutionError.from_cell_and_msg(cell, exec_reply_content)
nbclient.exceptions.CellExecutionError: An error occurred while executing the following cell:
------------------
Data_Iris["sepal_length"] = equalfreq(interval_sepal_length, "sepal_length")
Data_Iris["sepal_width"] = equalfreq(interval_sepal_width, "sepal_width")
Data_Iris["petal_length"] = equalfreq(interval_petal_length, "petal_length")
Data_Iris["petal_width"] = equalfreq(interval_petal_width, "petal_width")
------------------

[0;31m[0m
[0;31mNameError[0mTraceback (most recent call last)
[0;32m<ipython-input-13-d7db8cd18ef6>[0m in [0;36m<module>[0;34m[0m
[0;32m----> 1[0;31m [0mData_Iris[0m[0;34m[[0m[0;34m"sepal_length"[0m[0;34m][0m [0;34m=[0m [0mequalfreq[0m[0;34m([0m[0minterval_sepal_length[0m[0;34m,[0m [0;34m"sepal_length"[0m[0;34m)[0m[0;34m[0m[0;34m[0m[0m
[0m[1;32m      2[0m [0mData_Iris[0m[0;34m[[0m[0;34m"sepal_width"[0m[0;34m][0m [0;34m=[0m [0mequalfreq[0m[0;34m([0m[0minterval_sepal_width[0m[0;34m,[0m [0;34m"sepal_width"[0m[0;34m)[0m[0;34m[0m[0;34m[0m[0m
[1;32m      3[0m [0mData_Iris[0m[0;34m[[0m[0;34m"petal_length"[0m[0;34m][0m [0;34m=[0m [0mequalfreq[0m[0;34m([0m[0minterval_petal_length[0m[0;34m,[0m [0;34m"petal_length"[0m[0;34m)[0m[0;34m[0m[0;34m[0m[0m
[1;32m      4[0m [0mData_Iris[0m[0;34m[[0m[0;34m"petal_width"[0m[0;34m][0m [0;34m=[0m [0mequalfreq[0m[0;34m([0m[0minterval_petal_width[0m[0;34m,[0m [0;34m"petal_width"[0m[0;34m)[0m[0;34m[0m[0;34m[0m[0m

[0;32m<ipython-input-12-2ba97cdfca23>[0m in [0;36mequalfreq[0;34m(list_interval, col)[0m
[1;32m      4[0m [0;34m[0m[0m
[1;32m      5[0m     [0;31m# mengurutkan interval[0m[0;34m[0m[0;34m[0m[0;34m[0m[0m
[0;32m----> 6[0;31m     [0msort_interval[0m [0;34m=[0m [0mnp[0m[0;34m.[0m[0msort[0m[0;34m([0m[0mlist_interval[0m[0;34m,[0m [0maxis[0m[0;34m=[0m[0;36m0[0m[0;34m)[0m[0;34m[0m[0;34m[0m[0m
[0m[1;32m      7[0m     [0;31m# mendapatkan Category dari interval[0m[0;34m[0m[0;34m[0m[0;34m[0m[0m
[1;32m      8[0m     [0mcategories[0m [0;34m=[0m [0mnp[0m[0;34m.[0m[0marray[0m[0;34m([0m[0;34m[[0m[0mchr[0m[0;34m([0m[0;36m65[0m[0;34m+[0m[0mi[0m[0;34m)[0m [0;32mfor[0m [0mi[0m [0;32min[0m [0mrange[0m[0;34m([0m[0mlength[0m[0;34m)[0m[0;34m][0m[0;34m)[0m[0;34m[[0m[0;34m:[0m[0;34m,[0m [0;32mNone[0m[0;34m][0m[0;34m[0m[0;34m[0m[0m

[0;31mNameError[0m: name 'np' is not defined
NameError: name 'np' is not defined

